ERROR:root:An error occurred: ('23000', '[23000] [Microsoft][ODBC Driver 17 for SQL Server][SQL Server]The INSERT statement conflicted with the FOREIGN KEY constraint "FK__Account__Custome__59FA5E80". The conflict occurred in database "Cineflix", table "dbo.Customer", column \'CustomerID\'. (547) (SQLExecDirectW); [23000] [Microsoft][ODBC Driver 17 for SQL Server][SQL Server]The statement has been terminated. (3621)')
2024-11-17 15:30:22,724 - ERROR - An error occurred: ('23000', "[23000] [Microsoft][ODBC Driver 17 for SQL Server][SQL Server]Cannot insert explicit value for identity column in table 'Customer' when IDENTITY_INSERT is set to OFF. (544) (SQLExecDirectW)")
2024-11-17 15:34:28,255 - ERROR - An error occurred: ('The SQL contains 8 parameter markers, but 7 parameters were supplied', 'HY000')
2024-11-17 15:55:47,194 - ERROR - An error occurred: ('23000', "[23000] [Microsoft][ODBC Driver 17 for SQL Server][SQL Server]Violation of PRIMARY KEY constraint 'PK__Account__A9D10535BABEAEBE'. Cannot insert duplicate key in object 'dbo.Account'. The duplicate key value is (annabrown@example.com). (2627) (SQLExecDirectW); [23000] [Microsoft][ODBC Driver 17 for SQL Server][SQL Server]The statement has been terminated. (3621)")
2024-11-21 04:27:29,739 - ERROR - Error registering user: Failed to retrieve Employee ID
2024-11-21 04:27:50,854 - ERROR - Error registering user: Failed to retrieve Employee ID
2024-11-21 04:28:08,858 - ERROR - Error registering user: Failed to retrieve Employee ID
2024-11-21 09:54:18,177 - ERROR - Error registering manager: CinemaInfoScreen.ui: invalid Qt Designer file: [Errno 2] No such file or directory: 'CinemaInfoScreen.ui'
2024-11-21 09:54:27,172 - ERROR - Error registering manager: ('23000', "[23000] [Microsoft][ODBC Driver 17 for SQL Server][SQL Server]Violation of PRIMARY KEY constraint 'PK__Account__A9D10535BABEAEBE'. Cannot insert duplicate key in object 'dbo.Account'. The duplicate key value is (azfaf@gmail.com). (2627) (SQLExecDirectW); [23000] [Microsoft][ODBC Driver 17 for SQL Server][SQL Server]The statement has been terminated. (3621)")
2024-11-21 09:56:41,919 - ERROR - Error registering manager: ('Wrong base class of toplevel widget', (<class '__main__.CinemaInfoScreen'>, 'QMainWindow'))
2024-11-21 10:02:45,337 - ERROR - Error registering cinema: ('The SQL contains 2 parameter markers, but 5 parameters were supplied', 'HY000')
2024-11-21 10:05:20,844 - ERROR - Error registering cinema: ('21S01', '[21S01] [Microsoft][ODBC Driver 17 for SQL Server][SQL Server]There are more columns in the INSERT statement than values specified in the VALUES clause. The number of values in the VALUES clause must match the number of columns specified in the INSERT statement. (109) (SQLExecDirectW); [21S01] [Microsoft][ODBC Driver 17 for SQL Server][SQL Server]Statement(s) could not be prepared. (8180)')
2024-11-21 11:10:16,980 - ERROR - Error registering user: 'HomePageScreen' object has no attribute 'lineEditsearch'
2024-11-21 11:11:09,331 - ERROR - Error registering user: 'HomePageScreen' object has no attribute 'moviesTable'
2024-11-21 11:14:07,689 - ERROR - Error registering user: 'NoneType' object has no attribute 'itemDoubleClicked'
2024-11-21 11:22:11,015 - ERROR - Error searching movies: ('42S22', "[42S22] [Microsoft][ODBC Driver 17 for SQL Server][SQL Server]Invalid column name 'Genre'. (207) (SQLExecDirectW); [42S22] [Microsoft][ODBC Driver 17 for SQL Server][SQL Server]Invalid column name 'Director'. (207); [42S22] [Microsoft][ODBC Driver 17 for SQL Server][SQL Server]Invalid column name 'ReleaseYear'. (207); [42S22] [Microsoft][ODBC Driver 17 for SQL Server][SQL Server]Statement(s) could not be prepared. (8180)")
2024-11-21 11:22:12,722 - ERROR - Error searching movies: ('42S22', "[42S22] [Microsoft][ODBC Driver 17 for SQL Server][SQL Server]Invalid column name 'Genre'. (207) (SQLExecDirectW); [42S22] [Microsoft][ODBC Driver 17 for SQL Server][SQL Server]Invalid column name 'Director'. (207); [42S22] [Microsoft][ODBC Driver 17 for SQL Server][SQL Server]Invalid column name 'ReleaseYear'. (207); [42S22] [Microsoft][ODBC Driver 17 for SQL Server][SQL Server]Statement(s) could not be prepared. (8180)")
2024-11-21 11:22:12,809 - ERROR - Error searching movies: ('42S22', "[42S22] [Microsoft][ODBC Driver 17 for SQL Server][SQL Server]Invalid column name 'Genre'. (207) (SQLExecDirectW); [42S22] [Microsoft][ODBC Driver 17 for SQL Server][SQL Server]Invalid column name 'Director'. (207); [42S22] [Microsoft][ODBC Driver 17 for SQL Server][SQL Server]Invalid column name 'ReleaseYear'. (207); [42S22] [Microsoft][ODBC Driver 17 for SQL Server][SQL Server]Statement(s) could not be prepared. (8180)")
2024-11-21 11:22:12,905 - ERROR - Error searching movies: ('42S22', "[42S22] [Microsoft][ODBC Driver 17 for SQL Server][SQL Server]Invalid column name 'Genre'. (207) (SQLExecDirectW); [42S22] [Microsoft][ODBC Driver 17 for SQL Server][SQL Server]Invalid column name 'Director'. (207); [42S22] [Microsoft][ODBC Driver 17 for SQL Server][SQL Server]Invalid column name 'ReleaseYear'. (207); [42S22] [Microsoft][ODBC Driver 17 for SQL Server][SQL Server]Statement(s) could not be prepared. (8180)")
2024-11-21 11:22:13,719 - ERROR - Error searching movies: ('42S22', "[42S22] [Microsoft][ODBC Driver 17 for SQL Server][SQL Server]Invalid column name 'Genre'. (207) (SQLExecDirectW); [42S22] [Microsoft][ODBC Driver 17 for SQL Server][SQL Server]Invalid column name 'Director'. (207); [42S22] [Microsoft][ODBC Driver 17 for SQL Server][SQL Server]Invalid column name 'ReleaseYear'. (207); [42S22] [Microsoft][ODBC Driver 17 for SQL Server][SQL Server]Statement(s) could not be prepared. (8180)")
2024-11-21 11:22:14,104 - ERROR - Error searching movies: ('42S22', "[42S22] [Microsoft][ODBC Driver 17 for SQL Server][SQL Server]Invalid column name 'Genre'. (207) (SQLExecDirectW); [42S22] [Microsoft][ODBC Driver 17 for SQL Server][SQL Server]Invalid column name 'Director'. (207); [42S22] [Microsoft][ODBC Driver 17 for SQL Server][SQL Server]Invalid column name 'ReleaseYear'. (207); [42S22] [Microsoft][ODBC Driver 17 for SQL Server][SQL Server]Statement(s) could not be prepared. (8180)")
2024-11-21 11:22:14,262 - ERROR - Error searching movies: ('42S22', "[42S22] [Microsoft][ODBC Driver 17 for SQL Server][SQL Server]Invalid column name 'Genre'. (207) (SQLExecDirectW); [42S22] [Microsoft][ODBC Driver 17 for SQL Server][SQL Server]Invalid column name 'Director'. (207); [42S22] [Microsoft][ODBC Driver 17 for SQL Server][SQL Server]Invalid column name 'ReleaseYear'. (207); [42S22] [Microsoft][ODBC Driver 17 for SQL Server][SQL Server]Statement(s) could not be prepared. (8180)")
2024-11-21 11:22:14,538 - ERROR - Error searching movies: ('42S22', "[42S22] [Microsoft][ODBC Driver 17 for SQL Server][SQL Server]Invalid column name 'Genre'. (207) (SQLExecDirectW); [42S22] [Microsoft][ODBC Driver 17 for SQL Server][SQL Server]Invalid column name 'Director'. (207); [42S22] [Microsoft][ODBC Driver 17 for SQL Server][SQL Server]Invalid column name 'ReleaseYear'. (207); [42S22] [Microsoft][ODBC Driver 17 for SQL Server][SQL Server]Statement(s) could not be prepared. (8180)")
2024-11-21 11:22:14,769 - ERROR - Error searching movies: ('42S22', "[42S22] [Microsoft][ODBC Driver 17 for SQL Server][SQL Server]Invalid column name 'Genre'. (207) (SQLExecDirectW); [42S22] [Microsoft][ODBC Driver 17 for SQL Server][SQL Server]Invalid column name 'Director'. (207); [42S22] [Microsoft][ODBC Driver 17 for SQL Server][SQL Server]Invalid column name 'ReleaseYear'. (207); [42S22] [Microsoft][ODBC Driver 17 for SQL Server][SQL Server]Statement(s) could not be prepared. (8180)")
2024-11-21 11:22:14,952 - ERROR - Error searching movies: ('42S22', "[42S22] [Microsoft][ODBC Driver 17 for SQL Server][SQL Server]Invalid column name 'Genre'. (207) (SQLExecDirectW); [42S22] [Microsoft][ODBC Driver 17 for SQL Server][SQL Server]Invalid column name 'Director'. (207); [42S22] [Microsoft][ODBC Driver 17 for SQL Server][SQL Server]Invalid column name 'ReleaseYear'. (207); [42S22] [Microsoft][ODBC Driver 17 for SQL Server][SQL Server]Statement(s) could not be prepared. (8180)")
2024-11-21 11:22:15,291 - ERROR - Error searching movies: ('42S22', "[42S22] [Microsoft][ODBC Driver 17 for SQL Server][SQL Server]Invalid column name 'Genre'. (207) (SQLExecDirectW); [42S22] [Microsoft][ODBC Driver 17 for SQL Server][SQL Server]Invalid column name 'Director'. (207); [42S22] [Microsoft][ODBC Driver 17 for SQL Server][SQL Server]Invalid column name 'ReleaseYear'. (207); [42S22] [Microsoft][ODBC Driver 17 for SQL Server][SQL Server]Statement(s) could not be prepared. (8180)")
2024-11-21 11:22:15,764 - ERROR - Error searching movies: ('42S22', "[42S22] [Microsoft][ODBC Driver 17 for SQL Server][SQL Server]Invalid column name 'Genre'. (207) (SQLExecDirectW); [42S22] [Microsoft][ODBC Driver 17 for SQL Server][SQL Server]Invalid column name 'Director'. (207); [42S22] [Microsoft][ODBC Driver 17 for SQL Server][SQL Server]Invalid column name 'ReleaseYear'. (207); [42S22] [Microsoft][ODBC Driver 17 for SQL Server][SQL Server]Statement(s) could not be prepared. (8180)")
2024-11-21 11:22:15,915 - ERROR - Error searching movies: ('42S22', "[42S22] [Microsoft][ODBC Driver 17 for SQL Server][SQL Server]Invalid column name 'Genre'. (207) (SQLExecDirectW); [42S22] [Microsoft][ODBC Driver 17 for SQL Server][SQL Server]Invalid column name 'Director'. (207); [42S22] [Microsoft][ODBC Driver 17 for SQL Server][SQL Server]Invalid column name 'ReleaseYear'. (207); [42S22] [Microsoft][ODBC Driver 17 for SQL Server][SQL Server]Statement(s) could not be prepared. (8180)")
2024-11-21 11:22:16,018 - ERROR - Error searching movies: ('42S22', "[42S22] [Microsoft][ODBC Driver 17 for SQL Server][SQL Server]Invalid column name 'Genre'. (207) (SQLExecDirectW); [42S22] [Microsoft][ODBC Driver 17 for SQL Server][SQL Server]Invalid column name 'Director'. (207); [42S22] [Microsoft][ODBC Driver 17 for SQL Server][SQL Server]Invalid column name 'ReleaseYear'. (207); [42S22] [Microsoft][ODBC Driver 17 for SQL Server][SQL Server]Statement(s) could not be prepared. (8180)")
2024-11-21 11:22:16,253 - ERROR - Error searching movies: ('42S22', "[42S22] [Microsoft][ODBC Driver 17 for SQL Server][SQL Server]Invalid column name 'Genre'. (207) (SQLExecDirectW); [42S22] [Microsoft][ODBC Driver 17 for SQL Server][SQL Server]Invalid column name 'Director'. (207); [42S22] [Microsoft][ODBC Driver 17 for SQL Server][SQL Server]Invalid column name 'ReleaseYear'. (207); [42S22] [Microsoft][ODBC Driver 17 for SQL Server][SQL Server]Statement(s) could not be prepared. (8180)")
2024-11-21 11:31:05,311 - ERROR - Error searching movies: ('42S02', "[42S02] [Microsoft][ODBC Driver 17 for SQL Server][SQL Server]Invalid object name 'MovieGenres'. (208) (SQLExecDirectW); [42S02] [Microsoft][ODBC Driver 17 for SQL Server][SQL Server]Statement(s) could not be prepared. (8180)")
2024-11-21 11:31:05,441 - ERROR - Error searching movies: ('42S02', "[42S02] [Microsoft][ODBC Driver 17 for SQL Server][SQL Server]Invalid object name 'MovieGenres'. (208) (SQLExecDirectW); [42S02] [Microsoft][ODBC Driver 17 for SQL Server][SQL Server]Statement(s) could not be prepared. (8180)")
2024-11-21 11:31:05,787 - ERROR - Error searching movies: ('42S02', "[42S02] [Microsoft][ODBC Driver 17 for SQL Server][SQL Server]Invalid object name 'MovieGenres'. (208) (SQLExecDirectW); [42S02] [Microsoft][ODBC Driver 17 for SQL Server][SQL Server]Statement(s) could not be prepared. (8180)")
2024-11-21 11:31:06,974 - ERROR - Error searching movies: ('42S02', "[42S02] [Microsoft][ODBC Driver 17 for SQL Server][SQL Server]Invalid object name 'MovieGenres'. (208) (SQLExecDirectW); [42S02] [Microsoft][ODBC Driver 17 for SQL Server][SQL Server]Statement(s) could not be prepared. (8180)")
2024-11-21 11:31:07,222 - ERROR - Error searching movies: ('42S02', "[42S02] [Microsoft][ODBC Driver 17 for SQL Server][SQL Server]Invalid object name 'MovieGenres'. (208) (SQLExecDirectW); [42S02] [Microsoft][ODBC Driver 17 for SQL Server][SQL Server]Statement(s) could not be prepared. (8180)")
2024-11-21 11:31:07,948 - ERROR - Error searching movies: ('42S02', "[42S02] [Microsoft][ODBC Driver 17 for SQL Server][SQL Server]Invalid object name 'MovieGenres'. (208) (SQLExecDirectW); [42S02] [Microsoft][ODBC Driver 17 for SQL Server][SQL Server]Statement(s) could not be prepared. (8180)")
2024-11-21 11:31:08,056 - ERROR - Error searching movies: ('42S02', "[42S02] [Microsoft][ODBC Driver 17 for SQL Server][SQL Server]Invalid object name 'MovieGenres'. (208) (SQLExecDirectW); [42S02] [Microsoft][ODBC Driver 17 for SQL Server][SQL Server]Statement(s) could not be prepared. (8180)")
2024-11-21 11:31:09,209 - ERROR - Error searching movies: ('42S02', "[42S02] [Microsoft][ODBC Driver 17 for SQL Server][SQL Server]Invalid object name 'MovieGenres'. (208) (SQLExecDirectW); [42S02] [Microsoft][ODBC Driver 17 for SQL Server][SQL Server]Statement(s) could not be prepared. (8180)")
2024-11-21 11:31:09,457 - ERROR - Error searching movies: ('42S02', "[42S02] [Microsoft][ODBC Driver 17 for SQL Server][SQL Server]Invalid object name 'MovieGenres'. (208) (SQLExecDirectW); [42S02] [Microsoft][ODBC Driver 17 for SQL Server][SQL Server]Statement(s) could not be prepared. (8180)")
2024-11-21 11:31:09,559 - ERROR - Error searching movies: ('42S02', "[42S02] [Microsoft][ODBC Driver 17 for SQL Server][SQL Server]Invalid object name 'MovieGenres'. (208) (SQLExecDirectW); [42S02] [Microsoft][ODBC Driver 17 for SQL Server][SQL Server]Statement(s) could not be prepared. (8180)")
2024-11-21 11:31:10,094 - ERROR - Error searching movies: ('42S02', "[42S02] [Microsoft][ODBC Driver 17 for SQL Server][SQL Server]Invalid object name 'MovieGenres'. (208) (SQLExecDirectW); [42S02] [Microsoft][ODBC Driver 17 for SQL Server][SQL Server]Statement(s) could not be prepared. (8180)")
2024-11-21 11:31:10,283 - ERROR - Error searching movies: ('42S02', "[42S02] [Microsoft][ODBC Driver 17 for SQL Server][SQL Server]Invalid object name 'MovieGenres'. (208) (SQLExecDirectW); [42S02] [Microsoft][ODBC Driver 17 for SQL Server][SQL Server]Statement(s) could not be prepared. (8180)")
2024-11-21 11:40:28,933 - ERROR - Error registering user: ('23000', "[23000] [Microsoft][ODBC Driver 17 for SQL Server][SQL Server]Violation of PRIMARY KEY constraint 'PK__Account__A9D10535BABEAEBE'. Cannot insert duplicate key in object 'dbo.Account'. The duplicate key value is (maria@gmail.com). (2627) (SQLExecDirectW); [23000] [Microsoft][ODBC Driver 17 for SQL Server][SQL Server]The statement has been terminated. (3621)")
2024-11-21 11:42:44,210 - ERROR - Error searching movies: ('42S02', "[42S02] [Microsoft][ODBC Driver 17 for SQL Server][SQL Server]Invalid object name 'MovieGenres'. (208) (SQLExecDirectW); [42S02] [Microsoft][ODBC Driver 17 for SQL Server][SQL Server]Statement(s) could not be prepared. (8180)")
2024-11-21 11:42:44,730 - ERROR - Error searching movies: ('42S02', "[42S02] [Microsoft][ODBC Driver 17 for SQL Server][SQL Server]Invalid object name 'MovieGenres'. (208) (SQLExecDirectW); [42S02] [Microsoft][ODBC Driver 17 for SQL Server][SQL Server]Statement(s) could not be prepared. (8180)")
2024-11-21 11:42:44,982 - ERROR - Error searching movies: ('42S02', "[42S02] [Microsoft][ODBC Driver 17 for SQL Server][SQL Server]Invalid object name 'MovieGenres'. (208) (SQLExecDirectW); [42S02] [Microsoft][ODBC Driver 17 for SQL Server][SQL Server]Statement(s) could not be prepared. (8180)")
2024-11-21 11:42:45,155 - ERROR - Error searching movies: ('42S02', "[42S02] [Microsoft][ODBC Driver 17 for SQL Server][SQL Server]Invalid object name 'MovieGenres'. (208) (SQLExecDirectW); [42S02] [Microsoft][ODBC Driver 17 for SQL Server][SQL Server]Statement(s) could not be prepared. (8180)")
2024-11-21 11:42:45,466 - ERROR - Error searching movies: ('42S02', "[42S02] [Microsoft][ODBC Driver 17 for SQL Server][SQL Server]Invalid object name 'MovieGenres'. (208) (SQLExecDirectW); [42S02] [Microsoft][ODBC Driver 17 for SQL Server][SQL Server]Statement(s) could not be prepared. (8180)")
2024-11-21 11:42:46,254 - ERROR - Error searching movies: ('42S02', "[42S02] [Microsoft][ODBC Driver 17 for SQL Server][SQL Server]Invalid object name 'MovieGenres'. (208) (SQLExecDirectW); [42S02] [Microsoft][ODBC Driver 17 for SQL Server][SQL Server]Statement(s) could not be prepared. (8180)")
2024-11-21 11:42:46,401 - ERROR - Error searching movies: ('42S02', "[42S02] [Microsoft][ODBC Driver 17 for SQL Server][SQL Server]Invalid object name 'MovieGenres'. (208) (SQLExecDirectW); [42S02] [Microsoft][ODBC Driver 17 for SQL Server][SQL Server]Statement(s) could not be prepared. (8180)")
2024-11-21 11:42:46,956 - ERROR - Error searching movies: ('42S02', "[42S02] [Microsoft][ODBC Driver 17 for SQL Server][SQL Server]Invalid object name 'MovieGenres'. (208) (SQLExecDirectW); [42S02] [Microsoft][ODBC Driver 17 for SQL Server][SQL Server]Statement(s) could not be prepared. (8180)")
2024-11-21 11:42:47,118 - ERROR - Error searching movies: ('42S02', "[42S02] [Microsoft][ODBC Driver 17 for SQL Server][SQL Server]Invalid object name 'MovieGenres'. (208) (SQLExecDirectW); [42S02] [Microsoft][ODBC Driver 17 for SQL Server][SQL Server]Statement(s) could not be prepared. (8180)")
2024-11-21 11:42:47,580 - ERROR - Error searching movies: ('42S02', "[42S02] [Microsoft][ODBC Driver 17 for SQL Server][SQL Server]Invalid object name 'MovieGenres'. (208) (SQLExecDirectW); [42S02] [Microsoft][ODBC Driver 17 for SQL Server][SQL Server]Statement(s) could not be prepared. (8180)")
2024-11-21 11:42:47,959 - ERROR - Error searching movies: ('42S02', "[42S02] [Microsoft][ODBC Driver 17 for SQL Server][SQL Server]Invalid object name 'MovieGenres'. (208) (SQLExecDirectW); [42S02] [Microsoft][ODBC Driver 17 for SQL Server][SQL Server]Statement(s) could not be prepared. (8180)")
2024-11-21 11:42:48,129 - ERROR - Error searching movies: ('42S02', "[42S02] [Microsoft][ODBC Driver 17 for SQL Server][SQL Server]Invalid object name 'MovieGenres'. (208) (SQLExecDirectW); [42S02] [Microsoft][ODBC Driver 17 for SQL Server][SQL Server]Statement(s) could not be prepared. (8180)")
2024-11-21 11:42:48,269 - ERROR - Error searching movies: ('42S02', "[42S02] [Microsoft][ODBC Driver 17 for SQL Server][SQL Server]Invalid object name 'MovieGenres'. (208) (SQLExecDirectW); [42S02] [Microsoft][ODBC Driver 17 for SQL Server][SQL Server]Statement(s) could not be prepared. (8180)")
2024-11-21 11:42:48,522 - ERROR - Error searching movies: ('42S02', "[42S02] [Microsoft][ODBC Driver 17 for SQL Server][SQL Server]Invalid object name 'MovieGenres'. (208) (SQLExecDirectW); [42S02] [Microsoft][ODBC Driver 17 for SQL Server][SQL Server]Statement(s) could not be prepared. (8180)")
2024-11-21 13:24:47,500 - ERROR - Error registering user: ('IM002', '[IM002] [Microsoft][ODBC Driver Manager] Data source name not found and no default driver specified (0) (SQLDriverConnect); [IM002] [Microsoft][ODBC Driver Manager] Invalid connection string attribute (0)')
2024-11-21 13:24:57,489 - ERROR - Error registering user: ('IM002', '[IM002] [Microsoft][ODBC Driver Manager] Data source name not found and no default driver specified (0) (SQLDriverConnect); [IM002] [Microsoft][ODBC Driver Manager] Invalid connection string attribute (0)')
2024-11-21 13:27:06,612 - ERROR - Error registering user: main.ui: invalid Qt Designer file: [Errno 2] No such file or directory: 'main.ui'
2024-11-21 13:27:28,112 - ERROR - Error registering user: ('23000', "[23000] [Microsoft][ODBC Driver 17 for SQL Server][SQL Server]Violation of PRIMARY KEY constraint 'PK__Account__A9D10535BABEAEBE'. Cannot insert duplicate key in object 'dbo.Account'. The duplicate key value is (aaaa.@gmail.com). (2627) (SQLExecDirectW); [23000] [Microsoft][ODBC Driver 17 for SQL Server][SQL Server]The statement has been terminated. (3621)")
2024-11-21 13:32:49,266 - ERROR - Error fetching movie details: ('42S02', "[42S02] [Microsoft][ODBC Driver 17 for SQL Server][SQL Server]Invalid object name 'MovieGenres'. (208) (SQLExecDirectW); [42S02] [Microsoft][ODBC Driver 17 for SQL Server][SQL Server]Statement(s) could not be prepared. (8180)")
2024-11-21 13:57:31,833 - ERROR - Error logging in user: ('The SQL contains 3 parameter markers, but 2 parameters were supplied', 'HY000')
2024-11-21 13:57:42,306 - ERROR - Error logging in user: ('The SQL contains 3 parameter markers, but 2 parameters were supplied', 'HY000')
2024-11-21 14:13:42,438 - ERROR - Error fetching movie details: ('42S02', "[42S02] [Microsoft][ODBC Driver 17 for SQL Server][SQL Server]Invalid object name 'MovieGenres'. (208) (SQLExecDirectW); [42S02] [Microsoft][ODBC Driver 17 for SQL Server][SQL Server]Statement(s) could not be prepared. (8180)")
2024-11-21 14:55:02,460 - ERROR - Error fetching movie details for MovieID 3: ('42S02', "[42S02] [Microsoft][ODBC Driver 17 for SQL Server][SQL Server]Invalid object name 'MovieGenres'. (208) (SQLExecDirectW); [42S02] [Microsoft][ODBC Driver 17 for SQL Server][SQL Server]Statement(s) could not be prepared. (8180)")
2024-11-21 15:16:21,302 - ERROR - Error fetching movie details for MovieID 3: ('42S22', "[42S22] [Microsoft][ODBC Driver 17 for SQL Server][SQL Server]Invalid column name 'GenreID'. (207) (SQLExecDirectW); [42S22] [Microsoft][ODBC Driver 17 for SQL Server][SQL Server]Invalid column name 'GenreName'. (207); [42S22] [Microsoft][ODBC Driver 17 for SQL Server][SQL Server]Invalid column name 'Description'. (207); [42S22] [Microsoft][ODBC Driver 17 for SQL Server][SQL Server]Invalid column name 'Runtime'. (207); [42S22] [Microsoft][ODBC Driver 17 for SQL Server][SQL Server]Invalid column name 'Rating'. (207); [42S22] [Microsoft][ODBC Driver 17 for SQL Server][SQL Server]Statement(s) could not be prepared. (8180)")
2024-11-21 15:17:34,971 - ERROR - Error fetching movie details for MovieID 3: ('42S22', "[42S22] [Microsoft][ODBC Driver 17 for SQL Server][SQL Server]Invalid column name 'GenreName'. (207) (SQLExecDirectW); [42S22] [Microsoft][ODBC Driver 17 for SQL Server][SQL Server]Invalid column name 'Description'. (207); [42S22] [Microsoft][ODBC Driver 17 for SQL Server][SQL Server]Invalid column name 'Runtime'. (207); [42S22] [Microsoft][ODBC Driver 17 for SQL Server][SQL Server]Invalid column name 'Rating'. (207); [42S22] [Microsoft][ODBC Driver 17 for SQL Server][SQL Server]Statement(s) could not be prepared. (8180)")
2024-11-21 15:28:13,092 - ERROR - Error fetching movie details for MovieID 3: ('42S22', "[42S22] [Microsoft][ODBC Driver 17 for SQL Server][SQL Server]Invalid column name 'GenreName'. (207) (SQLExecDirectW); [42S22] [Microsoft][ODBC Driver 17 for SQL Server][SQL Server]Invalid column name 'IMBD_Rating'. (207); [42S22] [Microsoft][ODBC Driver 17 for SQL Server][SQL Server]Statement(s) could not be prepared. (8180)")
2024-11-21 15:31:26,614 - ERROR - Error fetching movie details for MovieID 3: ('42S22', "[42S22] [Microsoft][ODBC Driver 17 for SQL Server][SQL Server]Invalid column name 'GenreName'. (207) (SQLExecDirectW); [42S22] [Microsoft][ODBC Driver 17 for SQL Server][SQL Server]Statement(s) could not be prepared. (8180)")
2024-11-21 16:33:54,784 - ERROR - Error fetching movie details for MovieID 1: ('42000', "[42000] [Microsoft][ODBC Driver 17 for SQL Server][SQL Server]Incorrect syntax near '.'. (102) (SQLExecDirectW); [42000] [Microsoft][ODBC Driver 17 for SQL Server][SQL Server]Statement(s) could not be prepared. (8180)")
2024-11-21 16:38:20,593 - ERROR - Error fetching movie details for MovieID 3: ('42000', "[42000] [Microsoft][ODBC Driver 17 for SQL Server][SQL Server]Incorrect syntax near '.'. (102) (SQLExecDirectW); [42000] [Microsoft][ODBC Driver 17 for SQL Server][SQL Server]Statement(s) could not be prepared. (8180)")
2024-11-21 16:44:37,048 - ERROR - Error fetching movie details for MovieID 1: ('The SQL contains 0 parameter markers, but 1 parameters were supplied', 'HY000')
2024-11-21 16:47:06,520 - ERROR - Error fetching movie details for MovieID 1: ('The SQL contains 0 parameter markers, but 1 parameters were supplied', 'HY000')
2024-11-25 09:24:08,291 - ERROR - Error registering user: ('23000', "[23000] [Microsoft][ODBC Driver 17 for SQL Server][SQL Server]Violation of PRIMARY KEY constraint 'PK__Account__A9D10535BABEAEBE'. Cannot insert duplicate key in object 'dbo.Account'. The duplicate key value is (jajajaj@gmail.com). (2627) (SQLExecDirectW); [23000] [Microsoft][ODBC Driver 17 for SQL Server][SQL Server]The statement has been terminated. (3621)")
2024-11-25 09:24:25,756 - ERROR - Error registering user: super(type, obj): obj must be an instance or subtype of type
2024-11-25 09:25:45,195 - ERROR - Error registering user: ('23000', "[23000] [Microsoft][ODBC Driver 17 for SQL Server][SQL Server]Violation of PRIMARY KEY constraint 'PK__Account__A9D10535BABEAEBE'. Cannot insert duplicate key in object 'dbo.Account'. The duplicate key value is (azfar@gmail.com). (2627) (SQLExecDirectW); [23000] [Microsoft][ODBC Driver 17 for SQL Server][SQL Server]The statement has been terminated. (3621)")
2024-11-25 09:26:05,744 - ERROR - Error registering user: super(type, obj): obj must be an instance or subtype of type
2024-12-16 20:05:02,330 - ERROR - Error logging in user: type object 'QMessageBox' has no attribute 'Yes'
2024-12-16 20:05:24,587 - ERROR - Error logging in user: type object 'QMessageBox' has no attribute 'Yes'
2024-12-16 20:05:52,703 - ERROR - Error logging in user: type object 'QMessageBox' has no attribute 'Yes'
2024-12-16 20:07:13,866 - ERROR - Error logging in user: type object 'QMessageBox' has no attribute 'Yes'
2024-12-16 20:08:01,145 - ERROR - Error logging in user: 'LoginScreen' object has no attribute 'self'
2024-12-16 20:11:35,335 - ERROR - Error logging in user: super(type, obj): obj must be an instance or subtype of type
2024-12-16 20:18:37,003 - ERROR - Error logging in user: super(type, obj): obj must be an instance or subtype of type
2024-12-16 21:27:01,877 - ERROR - Error registering user: Attempt to use a closed cursor.
2024-12-16 21:28:15,898 - ERROR - Error registering user: Attempt to use a closed cursor.
2024-12-16 21:31:51,977 - ERROR - Error registering user: ('Wrong base class of toplevel widget', (<class '__main__.PremiumViewerPayment'>, 'QMainWindow'))
2024-12-16 21:33:54,896 - ERROR - Error registering user: 'RegisterScreenAsPremiumViewer' object has no attribute 'payment_page_page'
2024-12-16 22:13:09,381 - ERROR - Error registering user: RegisterScreenAsPremiumViewer.go_to_payment_page() missing 2 required positional arguments: 'customer_id' and 'role'
2024-12-16 23:53:59,493 - ERROR - Error searching movies: MovieDescriptionScreen.__init__() missing 1 required positional argument: 'movie_id'
2024-12-16 23:54:04,051 - ERROR - Error searching movies: MovieDescriptionScreen.__init__() missing 1 required positional argument: 'movie_id'
2024-12-16 23:54:04,877 - ERROR - Error searching movies: MovieDescriptionScreen.__init__() missing 1 required positional argument: 'movie_id'
2024-12-16 23:54:05,067 - ERROR - Error searching movies: MovieDescriptionScreen.__init__() missing 1 required positional argument: 'movie_id'
2024-12-16 23:54:07,685 - ERROR - Error searching movies: MovieDescriptionScreen.__init__() missing 1 required positional argument: 'movie_id'
2024-12-16 23:54:08,676 - ERROR - Error searching movies: MovieDescriptionScreen.__init__() missing 1 required positional argument: 'movie_id'
2024-12-16 23:54:08,881 - ERROR - Error searching movies: MovieDescriptionScreen.__init__() missing 1 required positional argument: 'movie_id'
2024-12-16 23:54:09,638 - ERROR - Error searching movies: MovieDescriptionScreen.__init__() missing 1 required positional argument: 'movie_id'
2024-12-16 23:54:11,073 - ERROR - Error searching movies: MovieDescriptionScreen.__init__() missing 1 required positional argument: 'movie_id'
2024-12-16 23:54:11,920 - ERROR - Error searching movies: MovieDescriptionScreen.__init__() missing 1 required positional argument: 'movie_id'
2024-12-17 01:39:10,710 - ERROR - Error searching movies: MovieDescriptionScreen.__init__() missing 1 required positional argument: 'movie_id'
2024-12-17 01:39:16,998 - ERROR - Error searching movies: MovieDescriptionScreen.__init__() missing 1 required positional argument: 'movie_id'
2024-12-17 01:47:22,598 - ERROR - Error searching movies: MovieDescriptionScreen.__init__() missing 1 required positional argument: 'movie_id'
2024-12-17 01:47:35,470 - ERROR - Error searching movies: MovieDescriptionScreen.__init__() missing 1 required positional argument: 'movie_id'
2024-12-17 01:51:32,267 - ERROR - Error searching movies: cannot access local variable 'movie_id' where it is not associated with a value
2024-12-17 01:56:06,947 - ERROR - Error fetching movies for Genre romance: 'MovieDescriptionScreen' object has no attribute 'populate_movies_table'
2024-12-17 02:01:00,318 - ERROR - Error fetching movie details for MovieID 3: 0
2024-12-17 02:01:19,162 - ERROR - Error fetching movies for Genre romance: 'MovieDescriptionScreen' object has no attribute 'populate_movies_table'
2024-12-17 02:03:29,787 - ERROR - Error fetching movies for Genre romance: 'int' object has no attribute 'isdigit'
2024-12-17 02:03:51,546 - ERROR - Error fetching movie details for MovieID 3: 0
2024-12-17 02:08:44,363 - ERROR - Error fetching movie details for MovieID 3: 0
2024-12-17 06:20:46,313 - ERROR - Error fetching movies for Genre romance: 0
2024-12-17 06:34:22,296 - ERROR - Error fetching movies for Language english: 0
2024-12-17 06:34:42,872 - ERROR - Error fetching movies for Kate Winslet: 0
2024-12-17 06:58:31,137 - ERROR - Error updating DateStarted: ('22018', "[22018] [Microsoft][ODBC Driver 17 for SQL Server][SQL Server]Conversion failed when converting the nvarchar value 'La La Land' to data type int. (245) (SQLExecDirectW)")
2024-12-17 06:58:31,151 - ERROR - Error updating DateAdded: ('22018', "[22018] [Microsoft][ODBC Driver 17 for SQL Server][SQL Server]Conversion failed when converting the nvarchar value 'La La Land' to data type int. (245) (SQLExecDirectW)")
2024-12-17 07:28:34,834 - ERROR - Error updating DateStarted: ('22018', "[22018] [Microsoft][ODBC Driver 17 for SQL Server][SQL Server]Conversion failed when converting the nvarchar value 'La La Land' to data type int. (245) (SQLExecDirectW)")
2024-12-17 07:28:34,845 - ERROR - Error updating DateAdded: ('22018', "[22018] [Microsoft][ODBC Driver 17 for SQL Server][SQL Server]Conversion failed when converting the nvarchar value 'La La Land' to data type int. (245) (SQLExecDirectW)")
2024-12-17 07:41:17,591 - ERROR - Error updating DateStarted: ('42S22', "[42S22] [Microsoft][ODBC Driver 17 for SQL Server][SQL Server]Invalid column name 'Title'. (207) (SQLExecDirectW); [42S22] [Microsoft][ODBC Driver 17 for SQL Server][SQL Server]Statement(s) could not be prepared. (8180)")
2024-12-17 07:41:17,599 - ERROR - Error updating DateAdded: ('42S22', "[42S22] [Microsoft][ODBC Driver 17 for SQL Server][SQL Server]Invalid column name 'Title'. (207) (SQLExecDirectW); [42S22] [Microsoft][ODBC Driver 17 for SQL Server][SQL Server]Statement(s) could not be prepared. (8180)")
2024-12-17 07:41:19,711 - ERROR - Error updating DateAdded: ('42S22', "[42S22] [Microsoft][ODBC Driver 17 for SQL Server][SQL Server]Invalid column name 'Title'. (207) (SQLExecDirectW); [42S22] [Microsoft][ODBC Driver 17 for SQL Server][SQL Server]Statement(s) could not be prepared. (8180)")
2024-12-17 07:41:23,277 - ERROR - Error updating DateStarted: ('42S22', "[42S22] [Microsoft][ODBC Driver 17 for SQL Server][SQL Server]Invalid column name 'Title'. (207) (SQLExecDirectW); [42S22] [Microsoft][ODBC Driver 17 for SQL Server][SQL Server]Statement(s) could not be prepared. (8180)")
